<?xml version="1.0" encoding="UTF-8"?>
<!-- Generated by org.testng.reporters.JUnitReportReporter -->
<testsuite hostname="DESKTOP-MLUUAIP" failures="0" tests="4" name="courses.Login" time="115.689" errors="0" timestamp="2024-07-02T16:11:26 PDT" skipped="0">
  <testcase classname="courses.Login" name="CheckInvaildPasswordEmail" time="28.730"/>
  <system-out/>
  <testcase classname="courses.Login" name="CheckInvaildPassword" time="26.722"/>
  <system-out/>
  <testcase classname="courses.Login" name="CheckInvaildEmail" time="33.447"/>
  <system-out/>
  <testcase classname="courses.Login" name="CheckVaildEmailPass" time="26.790"/>
  <system-out/>
</testsuite> <!-- courses.Login -->
