<?xml version="1.0" encoding="UTF-8"?>
<!-- Generated by org.testng.reporters.JUnitReportReporter -->
<testsuite hostname="DESKTOP-MLUUAIP" failures="0" tests="1" name="courses.ForgotPassword" time="129.878" errors="0" timestamp="2024-07-02T16:14:08 PDT" skipped="0">
  <testcase classname="courses.ForgotPassword" name="CheackForgetPassword" time="129.878"/>
  <system-out/>
</testsuite> <!-- courses.ForgotPassword -->
