<?xml version="1.0" encoding="UTF-8"?>
<!-- Generated by org.testng.reporters.JUnitReportReporter -->
<testsuite hostname="DESKTOP-MLUUAIP" failures="0" tests="1" name="courses.CheakURL" time="5.052" errors="0" timestamp="2024-07-07T17:40:33 PDT" skipped="0">
  <testcase classname="courses.CheakURL" name="CheakNavegateURL" time="5.052"/>
  <system-out/>
</testsuite> <!-- courses.CheakURL -->
