<?xml version="1.0" encoding="UTF-8"?>
<!-- Generated by org.testng.reporters.JUnitReportReporter -->
<testsuite hostname="DESKTOP-MLUUAIP" failures="0" tests="2" name="courses.EditProfile" time="191.100" errors="0" timestamp="2024-07-09T14:58:49 PDT" skipped="0">
  <testcase classname="courses.EditProfile" name="CheakUpdateProfile" time="110.296"/>
  <system-out/>
  <testcase classname="courses.EditProfile" name="CheakUpdateImage" time="80.804"/>
  <system-out/>
</testsuite> <!-- courses.EditProfile -->
