<?xml version="1.0" encoding="UTF-8"?>
<!-- Generated by org.testng.reporters.JUnitReportReporter -->
<testsuite hostname="DESKTOP-MLUUAIP" failures="0" tests="1" name="courses.ChangePassword" time="134.599" errors="0" timestamp="2024-06-15T15:25:43 PDT" skipped="0">
  <testcase classname="courses.ChangePassword" name="CheakChangePassword" time="134.599"/>
  <system-out/>
</testsuite> <!-- courses.ChangePassword -->
